<?xml version="1.0" encoding="UTF-8"?>
<!-- Generated by org.testng.reporters.JUnitXMLReporter -->
<testsuite ignored="5" hostname="DESKTOP-TS8RBBL" failures="0" tests="6" name="Test" time="0.048" errors="0" timestamp="2022-11-26T22:22:55 IST">
  <testcase classname="com.Actitime.testscripts.Travel" name="visitedKorumMall" time="0.008"/>
  <testcase classname="com.Actitime.testscripts.Travel" name="visitedTitwala" time="0.002"/>
  <testcase classname="com.Actitime.testscripts.Hotel" name="wentAradhanaHotel" time="0.001"/>
  <testcase classname="com.Actitime.testscripts.Hotel" name="wentTajHotel" time="0.001"/>
  <testcase classname="com.Actitime.testscripts.CreateCustomer1" name="addCustomer" time="0.001"/>
  <testcase classname="com.Actitime.testscripts.CreateCustomer1" name="editCustomer" time="0.002"/>
  <testcase classname="com.Actitime.testscripts.Travel" name="visitedMarine" time="0.0">
    <ignored/>
  </testcase> <!-- visitedMarine -->
  <testcase classname="com.Actitime.testscripts.CreateCustomer1" name="deleteCustomer" time="0.0">
    <ignored/>
  </testcase> <!-- deleteCustomer -->
  <testcase classname="com.Actitime.testscripts.CreateCustomer1" name="modifyCustomer" time="0.0">
    <ignored/>
  </testcase> <!-- modifyCustomer -->
  <testcase classname="com.Actitime.testscripts.Travel" name="visitedTemple" time="0.0">
    <ignored/>
  </testcase> <!-- visitedTemple -->
  <testcase classname="com.Actitime.testscripts.Hotel" name="wentSagarHotel" time="0.0">
    <ignored/>
  </testcase> <!-- wentSagarHotel -->
</testsuite> <!-- Test -->
